  [1m[35m (62.8ms)[0m  [1m[35mCREATE DATABASE "url_shortener_development" ENCODING = 'unicode'[0m
  ↳ bin/rails:9
  [1m[35m (61.9ms)[0m  [1m[35mCREATE DATABASE "url_shortener_test" ENCODING = 'unicode'[0m
  ↳ bin/rails:9
  [1m[35m (22.5ms)[0m  [1m[35mCREATE TABLE "schema_migrations" ("version" character varying NOT NULL PRIMARY KEY)[0m
  ↳ bin/rails:9
  [1m[35m (7.5ms)[0m  [1m[35mCREATE TABLE "ar_internal_metadata" ("key" character varying NOT NULL PRIMARY KEY, "value" character varying, "created_at" timestamp NOT NULL, "updated_at" timestamp NOT NULL)[0m
  ↳ bin/rails:9
  [1m[35m (0.1ms)[0m  [1m[34mSELECT pg_try_advisory_lock(8112849748291978620)[0m
  ↳ bin/rails:9
  [1m[35m (0.3ms)[0m  [1m[34mSELECT "schema_migrations"."version" FROM "schema_migrations" ORDER BY "schema_migrations"."version" ASC[0m
  ↳ bin/rails:9
Migrating to CreateUsers (20210415213955)
  [1m[35m (0.1ms)[0m  [1m[35mBEGIN[0m
  ↳ bin/rails:9
  [1m[35m (8.2ms)[0m  [1m[35mCREATE TABLE "users" ("id" bigserial primary key, "email" character varying NOT NULL)[0m
  ↳ db/migrate/20210415213955_create_users.rb:3
  [1m[35m (0.3ms)[0m  [1m[31mROLLBACK[0m
  ↳ bin/rails:9
  [1m[35m (0.1ms)[0m  [1m[34mSELECT pg_advisory_unlock(8112849748291978620)[0m
  ↳ bin/rails:9
  [1m[35m (0.1ms)[0m  [1m[34mSELECT pg_try_advisory_lock(8112849748291978620)[0m
  ↳ bin/rails:9
  [1m[35m (0.4ms)[0m  [1m[34mSELECT "schema_migrations"."version" FROM "schema_migrations" ORDER BY "schema_migrations"."version" ASC[0m
  ↳ bin/rails:9
Migrating to CreateUsers (20210415213955)
  [1m[35m (0.0ms)[0m  [1m[35mBEGIN[0m
  ↳ bin/rails:9
  [1m[35m (10.8ms)[0m  [1m[35mCREATE TABLE "users" ("id" bigserial primary key, "email" character varying NOT NULL)[0m
  ↳ db/migrate/20210415213955_create_users.rb:3
  [1m[35m (3.3ms)[0m  [1m[35mCREATE UNIQUE INDEX  "index_users_on_email" ON "users"  ("email")[0m
  ↳ db/migrate/20210415213955_create_users.rb:7
  [1m[36mActiveRecord::SchemaMigration Create (0.1ms)[0m  [1m[32mINSERT INTO "schema_migrations" ("version") VALUES ($1) RETURNING "version"[0m  [["version", "20210415213955"]]
  ↳ bin/rails:9
  [1m[35m (1.2ms)[0m  [1m[35mCOMMIT[0m
  ↳ bin/rails:9
  [1m[36mActiveRecord::InternalMetadata Load (0.1ms)[0m  [1m[34mSELECT  "ar_internal_metadata".* FROM "ar_internal_metadata" WHERE "ar_internal_metadata"."key" = $1 LIMIT $2[0m  [["key", "environment"], ["LIMIT", 1]]
  ↳ bin/rails:9
  [1m[35m (0.0ms)[0m  [1m[35mBEGIN[0m
  ↳ bin/rails:9
  [1m[36mActiveRecord::InternalMetadata Create (0.2ms)[0m  [1m[32mINSERT INTO "ar_internal_metadata" ("key", "value", "created_at", "updated_at") VALUES ($1, $2, $3, $4) RETURNING "key"[0m  [["key", "environment"], ["value", "development"], ["created_at", "2021-04-15 21:43:23.871539"], ["updated_at", "2021-04-15 21:43:23.871539"]]
  ↳ bin/rails:9
  [1m[35m (1.1ms)[0m  [1m[35mCOMMIT[0m
  ↳ bin/rails:9
  [1m[35m (0.1ms)[0m  [1m[34mSELECT pg_advisory_unlock(8112849748291978620)[0m
  ↳ bin/rails:9
  [1m[35m (0.1ms)[0m  [1m[34mSELECT "schema_migrations"."version" FROM "schema_migrations" ORDER BY "schema_migrations"."version" ASC[0m
  ↳ bin/rails:9
  [1m[35m (0.2ms)[0m  [1m[35mBEGIN[0m
  [1m[36mUser Exists (0.6ms)[0m  [1m[34mSELECT  1 AS one FROM "users" WHERE "users"."email" IS NULL LIMIT $1[0m  [["LIMIT", 1]]
  [1m[35m (0.3ms)[0m  [1m[31mROLLBACK[0m
  [1m[35m (0.2ms)[0m  [1m[35mBEGIN[0m
  [1m[36mUser Exists (0.5ms)[0m  [1m[34mSELECT  1 AS one FROM "users" WHERE "users"."email" = $1 LIMIT $2[0m  [["email", "hello@gmail.com"], ["LIMIT", 1]]
  [1m[36mUser Create (0.3ms)[0m  [1m[32mINSERT INTO "users" ("email") VALUES ($1) RETURNING "id"[0m  [["email", "hello@gmail.com"]]
  [1m[35m (15.5ms)[0m  [1m[35mCOMMIT[0m
  [1m[36mUser Load (0.4ms)[0m  [1m[34mSELECT "users".* FROM "users"[0m
  [1m[35m (0.1ms)[0m  [1m[34mSELECT pg_try_advisory_lock(8112849748291978620)[0m
  ↳ bin/rails:9
  [1m[35m (0.2ms)[0m  [1m[34mSELECT "schema_migrations"."version" FROM "schema_migrations" ORDER BY "schema_migrations"."version" ASC[0m
  ↳ bin/rails:9
Migrating to CreateShortenedUrls (20210415214843)
  [1m[35m (0.0ms)[0m  [1m[35mBEGIN[0m
  ↳ bin/rails:9
  [1m[35m (11.1ms)[0m  [1m[35mCREATE TABLE "shortened_urls" ("id" bigserial primary key, "long_url" character varying NOT NULL, "short_url" character varying NOT NULL, "user_id" integer NOT NULL, "created_at" timestamp NOT NULL, "updated_at" timestamp NOT NULL)[0m
  ↳ db/migrate/20210415214843_create_shortened_urls.rb:3
  [1m[35m (3.2ms)[0m  [1m[35mCREATE  INDEX  "index_shortened_urls_on_user_id" ON "shortened_urls"  ("user_id")[0m
  ↳ db/migrate/20210415214843_create_shortened_urls.rb:11
  [1m[36mActiveRecord::SchemaMigration Create (0.1ms)[0m  [1m[32mINSERT INTO "schema_migrations" ("version") VALUES ($1) RETURNING "version"[0m  [["version", "20210415214843"]]
  ↳ bin/rails:9
  [1m[35m (1.3ms)[0m  [1m[35mCOMMIT[0m
  ↳ bin/rails:9
  [1m[36mActiveRecord::InternalMetadata Load (0.1ms)[0m  [1m[34mSELECT  "ar_internal_metadata".* FROM "ar_internal_metadata" WHERE "ar_internal_metadata"."key" = $1 LIMIT $2[0m  [["key", "environment"], ["LIMIT", 1]]
  ↳ bin/rails:9
  [1m[35m (0.0ms)[0m  [1m[35mBEGIN[0m
  ↳ bin/rails:9
  [1m[35m (0.0ms)[0m  [1m[35mCOMMIT[0m
  ↳ bin/rails:9
  [1m[35m (0.1ms)[0m  [1m[34mSELECT pg_advisory_unlock(8112849748291978620)[0m
  ↳ bin/rails:9
  [1m[35m (0.1ms)[0m  [1m[34mSELECT "schema_migrations"."version" FROM "schema_migrations" ORDER BY "schema_migrations"."version" ASC[0m
  ↳ bin/rails:9
  [1m[35m (0.1ms)[0m  [1m[34mSELECT pg_try_advisory_lock(8112849748291978620)[0m
  ↳ bin/rails:9
  [1m[35m (0.2ms)[0m  [1m[34mSELECT "schema_migrations"."version" FROM "schema_migrations" ORDER BY "schema_migrations"."version" ASC[0m
  ↳ bin/rails:9
Migrating to AddShortUrlIndex (20210415215858)
  [1m[35m (0.0ms)[0m  [1m[35mBEGIN[0m
  ↳ bin/rails:9
  [1m[35m (6.5ms)[0m  [1m[35mCREATE UNIQUE INDEX  "index_shortened_urls_on_short_url" ON "shortened_urls"  ("short_url")[0m
  ↳ db/migrate/20210415215858_add_short_url_index.rb:3
  [1m[36mActiveRecord::SchemaMigration Create (0.2ms)[0m  [1m[32mINSERT INTO "schema_migrations" ("version") VALUES ($1) RETURNING "version"[0m  [["version", "20210415215858"]]
  ↳ bin/rails:9
  [1m[35m (1.3ms)[0m  [1m[35mCOMMIT[0m
  ↳ bin/rails:9
  [1m[36mActiveRecord::InternalMetadata Load (0.2ms)[0m  [1m[34mSELECT  "ar_internal_metadata".* FROM "ar_internal_metadata" WHERE "ar_internal_metadata"."key" = $1 LIMIT $2[0m  [["key", "environment"], ["LIMIT", 1]]
  ↳ bin/rails:9
  [1m[35m (0.0ms)[0m  [1m[35mBEGIN[0m
  ↳ bin/rails:9
  [1m[35m (0.0ms)[0m  [1m[35mCOMMIT[0m
  ↳ bin/rails:9
  [1m[35m (0.1ms)[0m  [1m[34mSELECT pg_advisory_unlock(8112849748291978620)[0m
  ↳ bin/rails:9
  [1m[35m (0.1ms)[0m  [1m[34mSELECT "schema_migrations"."version" FROM "schema_migrations" ORDER BY "schema_migrations"."version" ASC[0m
  ↳ bin/rails:9
  [1m[35m (0.1ms)[0m  [1m[35mBEGIN[0m
  [1m[36mUser Exists (0.7ms)[0m  [1m[34mSELECT  1 AS one FROM "users" WHERE "users"."email" = $1 LIMIT $2[0m  [["email", "test@gmail.com"], ["LIMIT", 1]]
  [1m[36mUser Create (0.2ms)[0m  [1m[32mINSERT INTO "users" ("email") VALUES ($1) RETURNING "id"[0m  [["email", "test@gmail.com"]]
  [1m[35m (3.8ms)[0m  [1m[35mCOMMIT[0m
  [1m[36mUser Load (0.3ms)[0m  [1m[34mSELECT "users".* FROM "users"[0m
  [1m[36mShortenedUrl Exists (0.4ms)[0m  [1m[34mSELECT  1 AS one FROM "shortened_urls" WHERE "shortened_urls"."short_url" = $1 LIMIT $2[0m  [["short_url", "kTW3md3XD30JR-ntNgC0zg"], ["LIMIT", 1]]
  [1m[36mShortenedUrl Exists (0.2ms)[0m  [1m[34mSELECT  1 AS one FROM "shortened_urls" WHERE "shortened_urls"."short_url" = $1 LIMIT $2[0m  [["short_url", "GssHfxRdE9tNSq06zgSk5Q"], ["LIMIT", 1]]
  [1m[36mShortenedUrl Exists (0.1ms)[0m  [1m[34mSELECT  1 AS one FROM "shortened_urls" WHERE "shortened_urls"."short_url" = $1 LIMIT $2[0m  [["short_url", "1HPCEzYQgV_nxotKgiQvQw"], ["LIMIT", 1]]
  [1m[35m (0.1ms)[0m  [1m[35mBEGIN[0m
  [1m[36mShortenedUrl Exists (0.2ms)[0m  [1m[34mSELECT  1 AS one FROM "shortened_urls" WHERE "shortened_urls"."short_url" = $1 LIMIT $2[0m  [["short_url", "http://example.com/1HPCE"], ["LIMIT", 1]]
  [1m[36mUser Load (0.1ms)[0m  [1m[34mSELECT  "users".* FROM "users" WHERE "users"."id" = $1 LIMIT $2[0m  [["id", 2], ["LIMIT", 1]]
  [1m[36mShortenedUrl Create (0.4ms)[0m  [1m[32mINSERT INTO "shortened_urls" ("long_url", "short_url", "user_id", "created_at", "updated_at") VALUES ($1, $2, $3, $4, $5) RETURNING "id"[0m  [["long_url", "www.google.com"], ["short_url", "http://example.com/1HPCE"], ["user_id", 2], ["created_at", "2021-04-15 22:36:06.176214"], ["updated_at", "2021-04-15 22:36:06.176214"]]
  [1m[35m (3.8ms)[0m  [1m[35mCOMMIT[0m
  [1m[36mShortenedUrl Load (0.3ms)[0m  [1m[34mSELECT "shortened_urls".* FROM "shortened_urls"[0m
  [1m[35m (0.1ms)[0m  [1m[34mSELECT pg_try_advisory_lock(8112849748291978620)[0m
  ↳ bin/rails:9
  [1m[35m (0.2ms)[0m  [1m[34mSELECT "schema_migrations"."version" FROM "schema_migrations" ORDER BY "schema_migrations"."version" ASC[0m
  ↳ bin/rails:9
Migrating to CreateVisits (20210415223933)
  [1m[35m (0.0ms)[0m  [1m[35mBEGIN[0m
  ↳ bin/rails:9
  [1m[35m (21.8ms)[0m  [1m[35mCREATE TABLE "visits" ("id" bigserial primary key, "user_id" integer NOT NULL, "shortened_url" character varying NOT NULL, "created_at" timestamp NOT NULL, "updated_at" timestamp NOT NULL)[0m
  ↳ db/migrate/20210415223933_create_visits.rb:3
  [1m[35m (0.6ms)[0m  [1m[35mCREATE  INDEX  "index_users_on_user_id" ON "users"  ("user_id")[0m
  ↳ db/migrate/20210415223933_create_visits.rb:8
  [1m[35m (0.0ms)[0m  [1m[31mROLLBACK[0m
  ↳ bin/rails:9
  [1m[35m (0.1ms)[0m  [1m[34mSELECT pg_advisory_unlock(8112849748291978620)[0m
  ↳ bin/rails:9
  [1m[35m (0.0ms)[0m  [1m[34mSELECT pg_try_advisory_lock(8112849748291978620)[0m
  ↳ bin/rails:9
  [1m[35m (0.2ms)[0m  [1m[34mSELECT "schema_migrations"."version" FROM "schema_migrations" ORDER BY "schema_migrations"."version" ASC[0m
  ↳ bin/rails:9
Migrating to CreateVisits (20210415223933)
  [1m[35m (0.0ms)[0m  [1m[35mBEGIN[0m
  ↳ bin/rails:9
  [1m[35m (22.0ms)[0m  [1m[35mCREATE TABLE "visits" ("id" bigserial primary key, "user_id" integer NOT NULL, "shortened_url" character varying NOT NULL, "created_at" timestamp NOT NULL, "updated_at" timestamp NOT NULL)[0m
  ↳ db/migrate/20210415223933_create_visits.rb:3
  [1m[35m (3.3ms)[0m  [1m[35mCREATE  INDEX  "index_visits_on_user_id" ON "visits"  ("user_id")[0m
  ↳ db/migrate/20210415223933_create_visits.rb:8
  [1m[36mActiveRecord::SchemaMigration Create (0.1ms)[0m  [1m[32mINSERT INTO "schema_migrations" ("version") VALUES ($1) RETURNING "version"[0m  [["version", "20210415223933"]]
  ↳ bin/rails:9
  [1m[35m (1.2ms)[0m  [1m[35mCOMMIT[0m
  ↳ bin/rails:9
  [1m[36mActiveRecord::InternalMetadata Load (0.1ms)[0m  [1m[34mSELECT  "ar_internal_metadata".* FROM "ar_internal_metadata" WHERE "ar_internal_metadata"."key" = $1 LIMIT $2[0m  [["key", "environment"], ["LIMIT", 1]]
  ↳ bin/rails:9
  [1m[35m (0.0ms)[0m  [1m[35mBEGIN[0m
  ↳ bin/rails:9
  [1m[35m (0.0ms)[0m  [1m[35mCOMMIT[0m
  ↳ bin/rails:9
  [1m[35m (0.1ms)[0m  [1m[34mSELECT pg_advisory_unlock(8112849748291978620)[0m
  ↳ bin/rails:9
  [1m[35m (0.1ms)[0m  [1m[34mSELECT "schema_migrations"."version" FROM "schema_migrations" ORDER BY "schema_migrations"."version" ASC[0m
  ↳ bin/rails:9
  [1m[36mVisit Load (0.2ms)[0m  [1m[34mSELECT "visits"."user_id" FROM "visits"[0m
  [1m[36mVisit Load (0.2ms)[0m  [1m[34mSELECT DISTINCT "visits"."user_id" FROM "visits" WHERE "visits"."shortened_url" = $1[0m  [["shortened_url", "www.example"]]
  [1m[36mUser Load (0.2ms)[0m  [1m[34mSELECT  "users".* FROM "users" ORDER BY "users"."id" ASC LIMIT $1[0m  [["LIMIT", 1]]
  [1m[36mUser Load (0.1ms)[0m  [1m[34mSELECT  "users".* FROM "users" ORDER BY "users"."id" ASC LIMIT $1[0m  [["LIMIT", 1]]
  [1m[36mShortenedUrl Load (0.3ms)[0m  [1m[34mSELECT "shortened_urls".* FROM "shortened_urls" WHERE "shortened_urls"."user_id" = $1[0m  [["user_id", 1]]
  [1m[36mShortenedUrl Load (0.1ms)[0m  [1m[34mSELECT  "shortened_urls".* FROM "shortened_urls" ORDER BY "shortened_urls"."id" ASC LIMIT $1[0m  [["LIMIT", 1]]
  [1m[35m (0.1ms)[0m  [1m[35mBEGIN[0m
  [1m[36mUser Load (0.1ms)[0m  [1m[34mSELECT  "users".* FROM "users" WHERE "users"."id" = $1 LIMIT $2[0m  [["id", 1], ["LIMIT", 1]]
  [1m[36mShortenedUrl Load (0.1ms)[0m  [1m[34mSELECT  "shortened_urls".* FROM "shortened_urls" WHERE "shortened_urls"."short_url" = $1 LIMIT $2[0m  [["short_url", "http://example.com/1HPCE"], ["LIMIT", 1]]
  [1m[36mVisit Create (0.4ms)[0m  [1m[32mINSERT INTO "visits" ("user_id", "shortened_url", "created_at", "updated_at") VALUES ($1, $2, $3, $4) RETURNING "id"[0m  [["user_id", 1], ["shortened_url", "http://example.com/1HPCE"], ["created_at", "2021-04-15 23:28:24.430164"], ["updated_at", "2021-04-15 23:28:24.430164"]]
  [1m[35m (4.5ms)[0m  [1m[35mCOMMIT[0m
  [1m[36mVisit Load (0.3ms)[0m  [1m[34mSELECT "visits".* FROM "visits"[0m
  [1m[36mUser Load (0.2ms)[0m  [1m[34mSELECT "users".* FROM "users"[0m
  [1m[36mUser Load (0.2ms)[0m  [1m[34mSELECT "users".* FROM "users"[0m
  [1m[36mUser Load (0.2ms)[0m  [1m[34mSELECT "users".* FROM "users"[0m
  [1m[35m (0.2ms)[0m  [1m[35mBEGIN[0m
  [1m[36mUser Load (0.2ms)[0m  [1m[34mSELECT  "users".* FROM "users" WHERE "users"."id" = $1 LIMIT $2[0m  [["id", 2], ["LIMIT", 1]]
  [1m[36mShortenedUrl Load (0.1ms)[0m  [1m[34mSELECT  "shortened_urls".* FROM "shortened_urls" WHERE "shortened_urls"."short_url" = $1 LIMIT $2[0m  [["short_url", "http://example.com/1HPCE"], ["LIMIT", 1]]
  [1m[36mVisit Create (0.1ms)[0m  [1m[32mINSERT INTO "visits" ("user_id", "shortened_url", "created_at", "updated_at") VALUES ($1, $2, $3, $4) RETURNING "id"[0m  [["user_id", 2], ["shortened_url", "http://example.com/1HPCE"], ["created_at", "2021-04-15 23:29:51.569658"], ["updated_at", "2021-04-15 23:29:51.569658"]]
  [1m[35m (3.9ms)[0m  [1m[35mCOMMIT[0m
  [1m[36mVisit Load (0.3ms)[0m  [1m[34mSELECT "visits".* FROM "visits"[0m
  [1m[36mVisit Load (0.2ms)[0m  [1m[34mSELECT DISTINCT "visits"."user_id" FROM "visits" WHERE "visits"."shortened_url" = $1[0m  [["shortened_url", "http://example.com/1HPCE"]]
  [1m[35m (0.1ms)[0m  [1m[35mBEGIN[0m
  [1m[36mUser Load (0.2ms)[0m  [1m[34mSELECT  "users".* FROM "users" WHERE "users"."id" = $1 LIMIT $2[0m  [["id", 2], ["LIMIT", 1]]
  [1m[36mShortenedUrl Load (0.1ms)[0m  [1m[34mSELECT  "shortened_urls".* FROM "shortened_urls" WHERE "shortened_urls"."short_url" = $1 LIMIT $2[0m  [["short_url", "http://example.com/1HPCE"], ["LIMIT", 1]]
  [1m[36mVisit Create (0.2ms)[0m  [1m[32mINSERT INTO "visits" ("user_id", "shortened_url", "created_at", "updated_at") VALUES ($1, $2, $3, $4) RETURNING "id"[0m  [["user_id", 2], ["shortened_url", "http://example.com/1HPCE"], ["created_at", "2021-04-15 23:31:44.553091"], ["updated_at", "2021-04-15 23:31:44.553091"]]
  [1m[35m (3.8ms)[0m  [1m[35mCOMMIT[0m
  [1m[36mVisit Load (0.3ms)[0m  [1m[34mSELECT "visits".* FROM "visits"[0m
  [1m[36mVisit Load (0.3ms)[0m  [1m[34mSELECT DISTINCT "visits"."user_id" FROM "visits" WHERE "visits"."shortened_url" = $1[0m  [["shortened_url", "http://example.com/1HPCE"]]
  [1m[36mVisit Load (0.2ms)[0m  [1m[34mSELECT  DISTINCT "visits"."user_id" FROM "visits" WHERE "visits"."shortened_url" = $1 LIMIT $2[0m  [["shortened_url", "http://example.com/1HPCE"], ["LIMIT", 11]]
  [1m[36mVisit Load (0.3ms)[0m  [1m[34mSELECT  DISTINCT "visits"."user_id" FROM "visits" WHERE "visits"."shortened_url" = $1 LIMIT $2[0m  [["shortened_url", "http://example.com/1HPCE"], ["LIMIT", 11]]
  [1m[35m (0.2ms)[0m  [1m[34mSELECT COUNT(DISTINCT "visits"."user_id") FROM "visits" WHERE "visits"."shortened_url" = $1[0m  [["shortened_url", "http://example.com/1HPCE"]]
  [1m[36mVisit Load (0.3ms)[0m  [1m[34mSELECT "visits"."user_id" FROM "visits"[0m
  [1m[36mVisit Load (0.2ms)[0m  [1m[34mSELECT DISTINCT "visits"."user_id" FROM "visits" WHERE "visits"."shortened_url" = $1 AND "visits"."created_at" = $2[0m  [["shortened_url", "http://example.com/1HPCE"], ["created_at", "2021-04-15 23:30:29.707266"]]
  [1m[35m (0.1ms)[0m  [1m[35mBEGIN[0m
  [1m[36mUser Load (0.2ms)[0m  [1m[34mSELECT  "users".* FROM "users" WHERE "users"."id" = $1 LIMIT $2[0m  [["id", 2], ["LIMIT", 1]]
  [1m[36mShortenedUrl Load (0.1ms)[0m  [1m[34mSELECT  "shortened_urls".* FROM "shortened_urls" WHERE "shortened_urls"."short_url" = $1 LIMIT $2[0m  [["short_url", "http://example.com/1HPCE"], ["LIMIT", 1]]
  [1m[36mVisit Create (0.1ms)[0m  [1m[32mINSERT INTO "visits" ("user_id", "shortened_url", "created_at", "updated_at") VALUES ($1, $2, $3, $4) RETURNING "id"[0m  [["user_id", 2], ["shortened_url", "http://example.com/1HPCE"], ["created_at", "2021-04-15 23:41:05.705556"], ["updated_at", "2021-04-15 23:41:05.705556"]]
  [1m[35m (14.7ms)[0m  [1m[35mCOMMIT[0m
  [1m[36mVisit Load (0.2ms)[0m  [1m[34mSELECT DISTINCT "visits"."user_id" FROM "visits" WHERE "visits"."shortened_url" = $1 AND "visits"."created_at" = $2[0m  [["shortened_url", "http://example.com/1HPCE"], ["created_at", "2021-04-15 23:31:15.115615"]]
  [1m[36mVisit Load (0.1ms)[0m  [1m[34mSELECT DISTINCT "visits"."user_id" FROM "visits" WHERE "visits"."shortened_url" = $1 AND "visits"."created_at" >= $2[0m  [["shortened_url", "http://example.com/1HPCE"], ["created_at", "2021-04-15 23:33:59.473417"]]
  [1m[35m (0.1ms)[0m  [1m[35mBEGIN[0m
  [1m[36mUser Load (0.2ms)[0m  [1m[34mSELECT  "users".* FROM "users" WHERE "users"."id" = $1 LIMIT $2[0m  [["id", 2], ["LIMIT", 1]]
  [1m[36mShortenedUrl Load (0.1ms)[0m  [1m[34mSELECT  "shortened_urls".* FROM "shortened_urls" WHERE "shortened_urls"."short_url" = $1 LIMIT $2[0m  [["short_url", "http://example.com/1HPCE"], ["LIMIT", 1]]
  [1m[36mVisit Create (0.2ms)[0m  [1m[32mINSERT INTO "visits" ("user_id", "shortened_url", "created_at", "updated_at") VALUES ($1, $2, $3, $4) RETURNING "id"[0m  [["user_id", 2], ["shortened_url", "http://example.com/1HPCE"], ["created_at", "2021-04-15 23:46:09.281331"], ["updated_at", "2021-04-15 23:46:09.281331"]]
  [1m[35m (14.7ms)[0m  [1m[35mCOMMIT[0m
  [1m[36mVisit Load (0.3ms)[0m  [1m[34mSELECT DISTINCT "visits"."user_id" FROM "visits" WHERE "visits"."shortened_url" = $1 AND "visits"."created_at" >= $2[0m  [["shortened_url", "http://example.com/1HPCE"], ["created_at", "2021-04-15 23:36:11.990646"]]
  [1m[36mVisit Load (0.2ms)[0m  [1m[34mSELECT "visits"."user_id" FROM "visits" WHERE "visits"."shortened_url" = $1 AND "visits"."created_at" >= $2[0m  [["shortened_url", "http://example.com/1HPCE"], ["created_at", "2021-04-15 23:36:30.089120"]]
  [1m[36mVisit Load (0.2ms)[0m  [1m[34mSELECT "visits"."user_id" FROM "visits" WHERE "visits"."shortened_url" = $1 AND "visits"."created_at" BETWEEN $2 AND $3[0m  [["shortened_url", "http://example.com/1HPCE"], ["created_at", "2021-04-15 23:38:16.541738"], ["created_at", "2021-04-15 23:48:16.541769"]]
  [1m[36mUser Load (0.2ms)[0m  [1m[34mSELECT  "users".* FROM "users" WHERE "users"."email" = $1 ORDER BY "users"."id" ASC LIMIT $2[0m  [["email", "google@gmail.com"], ["LIMIT", 1]]
  ↳ bin/cli:13
  [1m[36mUser Load (0.2ms)[0m  [1m[34mSELECT  "users".* FROM "users" WHERE "users"."email" = $1 ORDER BY "users"."id" ASC LIMIT $2[0m  [["email", "test@gmail.com"], ["LIMIT", 1]]
  ↳ bin/cli:13
  [1m[36mShortenedUrl Exists (0.3ms)[0m  [1m[34mSELECT  1 AS one FROM "shortened_urls" WHERE "shortened_urls"."short_url" = $1 LIMIT $2[0m  [["short_url", "rvW2Pg05Y9lcES4FE5wpQA"], ["LIMIT", 1]]
  ↳ app/models/shortened_url.rb:23
  [1m[35m (0.0ms)[0m  [1m[35mBEGIN[0m
  ↳ app/models/shortened_url.rb:31
  [1m[36mShortenedUrl Exists (0.2ms)[0m  [1m[34mSELECT  1 AS one FROM "shortened_urls" WHERE "shortened_urls"."short_url" = $1 LIMIT $2[0m  [["short_url", "http://example.com/rvW2P"], ["LIMIT", 1]]
  ↳ app/models/shortened_url.rb:31
  [1m[36mUser Load (0.1ms)[0m  [1m[34mSELECT  "users".* FROM "users" WHERE "users"."id" = $1 LIMIT $2[0m  [["id", 2], ["LIMIT", 1]]
  ↳ app/models/shortened_url.rb:31
  [1m[36mShortenedUrl Create (0.3ms)[0m  [1m[32mINSERT INTO "shortened_urls" ("long_url", "short_url", "user_id", "created_at", "updated_at") VALUES ($1, $2, $3, $4, $5) RETURNING "id"[0m  [["long_url", "www.asdlkjfalskdfjlaksf.com"], ["short_url", "http://example.com/rvW2P"], ["user_id", 2], ["created_at", "2021-04-16 00:17:44.143611"], ["updated_at", "2021-04-16 00:17:44.143611"]]
  ↳ app/models/shortened_url.rb:31
  [1m[35m (14.8ms)[0m  [1m[35mCOMMIT[0m
  ↳ app/models/shortened_url.rb:31
  [1m[36mUser Load (0.2ms)[0m  [1m[34mSELECT "users".* FROM "users"[0m
  [1m[36mUser Load (0.2ms)[0m  [1m[34mSELECT  "users".* FROM "users" WHERE "users"."email" = $1 ORDER BY "users"."id" ASC LIMIT $2[0m  [["email", "hello@gmail.com"], ["LIMIT", 1]]
  ↳ bin/cli:13
  [1m[36mShortenedUrl Exists (0.2ms)[0m  [1m[34mSELECT  1 AS one FROM "shortened_urls" WHERE "shortened_urls"."short_url" = $1 LIMIT $2[0m  [["short_url", "9rAkw4p4fvsjeLna_uEvFg"], ["LIMIT", 1]]
  ↳ app/models/shortened_url.rb:23
  [1m[35m (0.0ms)[0m  [1m[35mBEGIN[0m
  ↳ app/models/shortened_url.rb:31
  [1m[36mShortenedUrl Exists (0.1ms)[0m  [1m[34mSELECT  1 AS one FROM "shortened_urls" WHERE "shortened_urls"."short_url" = $1 LIMIT $2[0m  [["short_url", "http://example.com/9rAkw"], ["LIMIT", 1]]
  ↳ app/models/shortened_url.rb:31
  [1m[36mUser Load (0.1ms)[0m  [1m[34mSELECT  "users".* FROM "users" WHERE "users"."id" = $1 LIMIT $2[0m  [["id", 1], ["LIMIT", 1]]
  ↳ app/models/shortened_url.rb:31
  [1m[36mShortenedUrl Create (0.2ms)[0m  [1m[32mINSERT INTO "shortened_urls" ("long_url", "short_url", "user_id", "created_at", "updated_at") VALUES ($1, $2, $3, $4, $5) RETURNING "id"[0m  [["long_url", "www.alkjsdflkasdj.com"], ["short_url", "http://example.com/9rAkw"], ["user_id", 1], ["created_at", "2021-04-16 00:19:29.417031"], ["updated_at", "2021-04-16 00:19:29.417031"]]
  ↳ app/models/shortened_url.rb:31
  [1m[35m (14.7ms)[0m  [1m[35mCOMMIT[0m
  ↳ app/models/shortened_url.rb:31
  [1m[36mUser Load (0.1ms)[0m  [1m[34mSELECT  "users".* FROM "users" WHERE "users"."email" = $1 ORDER BY "users"."id" ASC LIMIT $2[0m  [["email", "hello@gmail.com"], ["LIMIT", 1]]
  ↳ bin/cli:13
  [1m[36mShortenedUrl Exists (0.4ms)[0m  [1m[34mSELECT  1 AS one FROM "shortened_urls" WHERE "shortened_urls"."short_url" = $1 LIMIT $2[0m  [["short_url", "CEd62TBBE_C6igcftjf7NQ"], ["LIMIT", 1]]
  ↳ app/models/shortened_url.rb:23
  [1m[35m (0.1ms)[0m  [1m[35mBEGIN[0m
  ↳ app/models/shortened_url.rb:31
  [1m[36mShortenedUrl Exists (0.4ms)[0m  [1m[34mSELECT  1 AS one FROM "shortened_urls" WHERE "shortened_urls"."short_url" = $1 LIMIT $2[0m  [["short_url", "http://example.com/CEd62"], ["LIMIT", 1]]
  ↳ app/models/shortened_url.rb:31
  [1m[36mUser Load (0.3ms)[0m  [1m[34mSELECT  "users".* FROM "users" WHERE "users"."id" = $1 LIMIT $2[0m  [["id", 1], ["LIMIT", 1]]
  ↳ app/models/shortened_url.rb:31
  [1m[36mShortenedUrl Create (0.5ms)[0m  [1m[32mINSERT INTO "shortened_urls" ("long_url", "short_url", "user_id", "created_at", "updated_at") VALUES ($1, $2, $3, $4, $5) RETURNING "id"[0m  [["long_url", "www.fjlaksdlkasdfj.com"], ["short_url", "http://example.com/CEd62"], ["user_id", 1], ["created_at", "2021-04-16 00:20:27.458652"], ["updated_at", "2021-04-16 00:20:27.458652"]]
  ↳ app/models/shortened_url.rb:31
  [1m[35m (4.1ms)[0m  [1m[35mCOMMIT[0m
  ↳ app/models/shortened_url.rb:31
  [1m[36mUser Load (0.2ms)[0m  [1m[34mSELECT  "users".* FROM "users" WHERE "users"."email" = $1 ORDER BY "users"."id" ASC LIMIT $2[0m  [["email", "hello@gmail.com"], ["LIMIT", 1]]
  ↳ bin/cli:14
  [1m[36mShortenedUrl Load (0.6ms)[0m  [1m[34mSELECT "shortened_urls".* FROM "shortened_urls"[0m
  ↳ bin/cli:26
  [1m[36mUser Load (0.4ms)[0m  [1m[34mSELECT  "users".* FROM "users" WHERE "users"."email" = $1 ORDER BY "users"."id" ASC LIMIT $2[0m  [["email", "hello@gmail.com"], ["LIMIT", 1]]
  ↳ bin/cli:14
  [1m[36mShortenedUrl Load (0.5ms)[0m  [1m[34mSELECT "shortened_urls".* FROM "shortened_urls"[0m
  ↳ bin/cli:26
  [1m[35m (0.0ms)[0m  [1m[35mBEGIN[0m
  ↳ app/models/visit.rb:15
  [1m[36mUser Load (0.1ms)[0m  [1m[34mSELECT  "users".* FROM "users" WHERE "users"."id" = $1 LIMIT $2[0m  [["id", 1], ["LIMIT", 1]]
  ↳ app/models/visit.rb:15
  [1m[36mShortenedUrl Load (0.1ms)[0m  [1m[34mSELECT  "shortened_urls".* FROM "shortened_urls" WHERE "shortened_urls"."short_url" = $1 LIMIT $2[0m  [["short_url", "http://example.com/1HPCE"], ["LIMIT", 1]]
  ↳ app/models/visit.rb:15
  [1m[36mVisit Create (0.2ms)[0m  [1m[32mINSERT INTO "visits" ("user_id", "shortened_url", "created_at", "updated_at") VALUES ($1, $2, $3, $4) RETURNING "id"[0m  [["user_id", 1], ["shortened_url", "http://example.com/1HPCE"], ["created_at", "2021-04-16 00:22:52.451225"], ["updated_at", "2021-04-16 00:22:52.451225"]]
  ↳ app/models/visit.rb:15
  [1m[35m (3.9ms)[0m  [1m[35mCOMMIT[0m
  ↳ app/models/visit.rb:15
