  [1m[35m (4239.6ms)[0m  [1m[35mCREATE DATABASE "art_share_development" ENCODING = 'unicode'[0m
  ↳ bin/rails:9
  [1m[35m (589.1ms)[0m  [1m[35mCREATE DATABASE "art_share_test" ENCODING = 'unicode'[0m
  ↳ bin/rails:9
  [1m[35m (191.3ms)[0m  [1m[35mCREATE TABLE "schema_migrations" ("version" character varying NOT NULL PRIMARY KEY)[0m
  ↳ bin/rails:9
  [1m[35m (50.8ms)[0m  [1m[35mCREATE TABLE "ar_internal_metadata" ("key" character varying NOT NULL PRIMARY KEY, "value" character varying, "created_at" timestamp NOT NULL, "updated_at" timestamp NOT NULL)[0m
  ↳ bin/rails:9
  [1m[35m (6.2ms)[0m  [1m[34mSELECT pg_try_advisory_lock(1682527628878363470)[0m
  ↳ bin/rails:9
  [1m[35m (6.8ms)[0m  [1m[34mSELECT "schema_migrations"."version" FROM "schema_migrations" ORDER BY "schema_migrations"."version" ASC[0m
  ↳ bin/rails:9
Migrating to CreateUsers (20210421233255)
  [1m[35m (0.6ms)[0m  [1m[35mBEGIN[0m
  ↳ bin/rails:9
  [1m[35m (68.8ms)[0m  [1m[35mCREATE TABLE "users" ("id" bigserial primary key, "username" character varying NOT NULL, "created_at" timestamp NOT NULL, "updated_at" timestamp NOT NULL)[0m
  ↳ db/migrate/20210421233255_create_users.rb:3
  [1m[36mActiveRecord::SchemaMigration Create (2.9ms)[0m  [1m[32mINSERT INTO "schema_migrations" ("version") VALUES ($1) RETURNING "version"[0m  [["version", "20210421233255"]]
  ↳ bin/rails:9
  [1m[35m (17.5ms)[0m  [1m[35mCOMMIT[0m
  ↳ bin/rails:9
  [1m[36mActiveRecord::InternalMetadata Load (9.2ms)[0m  [1m[34mSELECT  "ar_internal_metadata".* FROM "ar_internal_metadata" WHERE "ar_internal_metadata"."key" = $1 LIMIT $2[0m  [["key", "environment"], ["LIMIT", 1]]
  ↳ bin/rails:9
  [1m[35m (0.4ms)[0m  [1m[35mBEGIN[0m
  ↳ bin/rails:9
  [1m[36mActiveRecord::InternalMetadata Create (7.6ms)[0m  [1m[32mINSERT INTO "ar_internal_metadata" ("key", "value", "created_at", "updated_at") VALUES ($1, $2, $3, $4) RETURNING "key"[0m  [["key", "environment"], ["value", "development"], ["created_at", "2021-04-21 23:34:27.364072"], ["updated_at", "2021-04-21 23:34:27.364072"]]
  ↳ bin/rails:9
  [1m[35m (12.1ms)[0m  [1m[35mCOMMIT[0m
  ↳ bin/rails:9
  [1m[35m (1.4ms)[0m  [1m[34mSELECT pg_advisory_unlock(1682527628878363470)[0m
  ↳ bin/rails:9
  [1m[35m (6.6ms)[0m  [1m[34mSELECT "schema_migrations"."version" FROM "schema_migrations" ORDER BY "schema_migrations"."version" ASC[0m
  ↳ bin/rails:9
  [1m[35m (0.3ms)[0m  [1m[34mSELECT pg_try_advisory_lock(1682527628878363470)[0m
  ↳ bin/rails:9
  [1m[35m (1.6ms)[0m  [1m[34mSELECT "schema_migrations"."version" FROM "schema_migrations" ORDER BY "schema_migrations"."version" ASC[0m
  ↳ bin/rails:9
Migrating to CreateArtworks (20210421233435)
  [1m[35m (0.5ms)[0m  [1m[35mBEGIN[0m
  ↳ bin/rails:9
  [1m[35m (51.5ms)[0m  [1m[35mCREATE TABLE "artworks" ("id" bigserial primary key, "title" character varying, "image_url" character varying, "artist_id" integer NOT NULL)[0m
  ↳ db/migrate/20210421233435_create_artworks.rb:3
  [1m[35m (24.6ms)[0m  [1m[35mCREATE UNIQUE INDEX  "index_artworks_on_artist_id_and_title" ON "artworks"  ("artist_id", "title")[0m
  ↳ db/migrate/20210421233435_create_artworks.rb:8
  [1m[36mActiveRecord::SchemaMigration Create (1.5ms)[0m  [1m[32mINSERT INTO "schema_migrations" ("version") VALUES ($1) RETURNING "version"[0m  [["version", "20210421233435"]]
  ↳ bin/rails:9
  [1m[35m (25.6ms)[0m  [1m[35mCOMMIT[0m
  ↳ bin/rails:9
  [1m[36mActiveRecord::InternalMetadata Load (12.5ms)[0m  [1m[34mSELECT  "ar_internal_metadata".* FROM "ar_internal_metadata" WHERE "ar_internal_metadata"."key" = $1 LIMIT $2[0m  [["key", "environment"], ["LIMIT", 1]]
  ↳ bin/rails:9
  [1m[35m (0.5ms)[0m  [1m[35mBEGIN[0m
  ↳ bin/rails:9
  [1m[35m (1.2ms)[0m  [1m[35mCOMMIT[0m
  ↳ bin/rails:9
  [1m[35m (0.4ms)[0m  [1m[34mSELECT pg_advisory_unlock(1682527628878363470)[0m
  ↳ bin/rails:9
  [1m[35m (0.5ms)[0m  [1m[34mSELECT "schema_migrations"."version" FROM "schema_migrations" ORDER BY "schema_migrations"."version" ASC[0m
  ↳ bin/rails:9
  [1m[35m (0.4ms)[0m  [1m[34mSELECT pg_try_advisory_lock(1682527628878363470)[0m
  ↳ bin/rails:9
  [1m[35m (0.9ms)[0m  [1m[34mSELECT "schema_migrations"."version" FROM "schema_migrations" ORDER BY "schema_migrations"."version" ASC[0m
  ↳ bin/rails:9
Migrating to CreateArtworkShares (20210421234659)
  [1m[35m (0.5ms)[0m  [1m[35mBEGIN[0m
  ↳ bin/rails:9
  [1m[35m (41.6ms)[0m  [1m[35mCREATE TABLE "artwork_shares" ("id" bigserial primary key, "artwork_id" integer NOT NULL, "viewer_id" integer NOT NULL)[0m
  ↳ db/migrate/20210421234659_create_artwork_shares.rb:3
  [1m[35m (20.9ms)[0m  [1m[35mCREATE UNIQUE INDEX  "index_artwork_shares_on_artwork_id_and_viewer_id" ON "artwork_shares"  ("artwork_id", "viewer_id")[0m
  ↳ db/migrate/20210421234659_create_artwork_shares.rb:7
  [1m[35m (33.9ms)[0m  [1m[35mCREATE  INDEX  "index_artwork_shares_on_artwork_id" ON "artwork_shares"  ("artwork_id")[0m
  ↳ db/migrate/20210421234659_create_artwork_shares.rb:8
  [1m[35m (36.2ms)[0m  [1m[35mCREATE  INDEX  "index_artwork_shares_on_viewer_id" ON "artwork_shares"  ("viewer_id")[0m
  ↳ db/migrate/20210421234659_create_artwork_shares.rb:9
  [1m[36mActiveRecord::SchemaMigration Create (0.8ms)[0m  [1m[32mINSERT INTO "schema_migrations" ("version") VALUES ($1) RETURNING "version"[0m  [["version", "20210421234659"]]
  ↳ bin/rails:9
  [1m[35m (33.2ms)[0m  [1m[35mCOMMIT[0m
  ↳ bin/rails:9
Migrating to ModifyArtwork (20210421234849)
  [1m[35m (0.5ms)[0m  [1m[35mBEGIN[0m
  ↳ bin/rails:9
  [1m[35m (30.4ms)[0m  [1m[35mCREATE  INDEX  "index_artworks_on_artist_id" ON "artworks"  ("artist_id")[0m
  ↳ db/migrate/20210421234849_modify_artwork.rb:3
  [1m[36mActiveRecord::SchemaMigration Create (0.7ms)[0m  [1m[32mINSERT INTO "schema_migrations" ("version") VALUES ($1) RETURNING "version"[0m  [["version", "20210421234849"]]
  ↳ bin/rails:9
  [1m[35m (38.9ms)[0m  [1m[35mCOMMIT[0m
  ↳ bin/rails:9
  [1m[36mActiveRecord::InternalMetadata Load (3.8ms)[0m  [1m[34mSELECT  "ar_internal_metadata".* FROM "ar_internal_metadata" WHERE "ar_internal_metadata"."key" = $1 LIMIT $2[0m  [["key", "environment"], ["LIMIT", 1]]
  ↳ bin/rails:9
  [1m[35m (1.7ms)[0m  [1m[35mBEGIN[0m
  ↳ bin/rails:9
  [1m[35m (0.4ms)[0m  [1m[35mCOMMIT[0m
  ↳ bin/rails:9
  [1m[35m (0.8ms)[0m  [1m[34mSELECT pg_advisory_unlock(1682527628878363470)[0m
  ↳ bin/rails:9
  [1m[35m (2.7ms)[0m  [1m[34mSELECT "schema_migrations"."version" FROM "schema_migrations" ORDER BY "schema_migrations"."version" ASC[0m
  ↳ bin/rails:9
  [1m[35m (1.1ms)[0m  [1m[34mSELECT "schema_migrations"."version" FROM "schema_migrations" ORDER BY "schema_migrations"."version" ASC[0m
  ↳ bin/rails:9
  [1m[35m (0.9ms)[0m  [1m[34mSELECT "schema_migrations"."version" FROM "schema_migrations" ORDER BY "schema_migrations"."version" ASC[0m
  ↳ bin/rails:9
  [1m[35m (1.0ms)[0m  [1m[35mBEGIN[0m
  ↳ db/seeds.rb:10
  [1m[36mUser Exists (8.6ms)[0m  [1m[34mSELECT  1 AS one FROM "users" WHERE "users"."username" = $1 LIMIT $2[0m  [["username", "pro_gamer_93"], ["LIMIT", 1]]
  ↳ db/seeds.rb:10
  [1m[36mUser Create (8.7ms)[0m  [1m[32mINSERT INTO "users" ("username", "created_at", "updated_at") VALUES ($1, $2, $3) RETURNING "id"[0m  [["username", "pro_gamer_93"], ["created_at", "2021-04-22 00:27:20.435615"], ["updated_at", "2021-04-22 00:27:20.435615"]]
  ↳ db/seeds.rb:10
  [1m[35m (14.2ms)[0m  [1m[35mCOMMIT[0m
  ↳ db/seeds.rb:10
  [1m[35m (0.2ms)[0m  [1m[35mBEGIN[0m
  ↳ db/seeds.rb:12
  [1m[36mUser Exists (0.5ms)[0m  [1m[34mSELECT  1 AS one FROM "users" WHERE "users"."username" = $1 LIMIT $2[0m  [["username", "lexicon"], ["LIMIT", 1]]
  ↳ db/seeds.rb:12
  [1m[36mUser Create (0.5ms)[0m  [1m[32mINSERT INTO "users" ("username", "created_at", "updated_at") VALUES ($1, $2, $3) RETURNING "id"[0m  [["username", "lexicon"], ["created_at", "2021-04-22 00:27:20.463580"], ["updated_at", "2021-04-22 00:27:20.463580"]]
  ↳ db/seeds.rb:12
  [1m[35m (12.1ms)[0m  [1m[35mCOMMIT[0m
  ↳ db/seeds.rb:12
  [1m[35m (0.9ms)[0m  [1m[35mBEGIN[0m
  ↳ db/seeds.rb:14
  [1m[36mUser Exists (0.7ms)[0m  [1m[34mSELECT  1 AS one FROM "users" WHERE "users"."username" = $1 LIMIT $2[0m  [["username", "lana_del_rey_fan_2003"], ["LIMIT", 1]]
  ↳ db/seeds.rb:14
  [1m[36mUser Create (0.8ms)[0m  [1m[32mINSERT INTO "users" ("username", "created_at", "updated_at") VALUES ($1, $2, $3) RETURNING "id"[0m  [["username", "lana_del_rey_fan_2003"], ["created_at", "2021-04-22 00:27:20.483221"], ["updated_at", "2021-04-22 00:27:20.483221"]]
  ↳ db/seeds.rb:14
  [1m[35m (11.4ms)[0m  [1m[35mCOMMIT[0m
  ↳ db/seeds.rb:14
  [1m[35m (0.2ms)[0m  [1m[35mBEGIN[0m
  ↳ db/seeds.rb:16
  [1m[36mUser Exists (0.5ms)[0m  [1m[34mSELECT  1 AS one FROM "users" WHERE "users"."username" = $1 LIMIT $2[0m  [["username", "daydream_belieber"], ["LIMIT", 1]]
  ↳ db/seeds.rb:16
  [1m[36mUser Create (0.4ms)[0m  [1m[32mINSERT INTO "users" ("username", "created_at", "updated_at") VALUES ($1, $2, $3) RETURNING "id"[0m  [["username", "daydream_belieber"], ["created_at", "2021-04-22 00:27:20.499727"], ["updated_at", "2021-04-22 00:27:20.499727"]]
  ↳ db/seeds.rb:16
  [1m[35m (10.3ms)[0m  [1m[35mCOMMIT[0m
  ↳ db/seeds.rb:16
  [1m[35m (0.9ms)[0m  [1m[34mSELECT "schema_migrations"."version" FROM "schema_migrations" ORDER BY "schema_migrations"."version" ASC[0m
  ↳ bin/rails:9
  [1m[35m (0.3ms)[0m  [1m[35mBEGIN[0m
  ↳ db/seeds.rb:10
  [1m[36mUser Exists (0.8ms)[0m  [1m[34mSELECT  1 AS one FROM "users" WHERE "users"."username" = $1 LIMIT $2[0m  [["username", "pro_gamer_93"], ["LIMIT", 1]]
  ↳ db/seeds.rb:10
  [1m[35m (7.2ms)[0m  [1m[31mROLLBACK[0m
  ↳ db/seeds.rb:10
  [1m[35m (1.0ms)[0m  [1m[34mSELECT "schema_migrations"."version" FROM "schema_migrations" ORDER BY "schema_migrations"."version" ASC[0m
  ↳ bin/rails:9
  [1m[35m (0.3ms)[0m  [1m[35mBEGIN[0m
  ↳ db/seeds.rb:10
  [1m[36mUser Exists (0.7ms)[0m  [1m[34mSELECT  1 AS one FROM "users" WHERE "users"."username" = $1 LIMIT $2[0m  [["username", "pro_gamer_93"], ["LIMIT", 1]]
  ↳ db/seeds.rb:10
  [1m[35m (0.3ms)[0m  [1m[31mROLLBACK[0m
  ↳ db/seeds.rb:10
  [1m[35m (0.2ms)[0m  [1m[35mBEGIN[0m
  ↳ db/seeds.rb:12
  [1m[36mUser Exists (0.4ms)[0m  [1m[34mSELECT  1 AS one FROM "users" WHERE "users"."username" = $1 LIMIT $2[0m  [["username", "lexicon"], ["LIMIT", 1]]
  ↳ db/seeds.rb:12
  [1m[35m (0.3ms)[0m  [1m[31mROLLBACK[0m
  ↳ db/seeds.rb:12
  [1m[35m (0.2ms)[0m  [1m[35mBEGIN[0m
  ↳ db/seeds.rb:14
  [1m[36mUser Exists (0.5ms)[0m  [1m[34mSELECT  1 AS one FROM "users" WHERE "users"."username" = $1 LIMIT $2[0m  [["username", "lana_del_rey_fan_2003"], ["LIMIT", 1]]
  ↳ db/seeds.rb:14
  [1m[35m (0.3ms)[0m  [1m[31mROLLBACK[0m
  ↳ db/seeds.rb:14
  [1m[35m (0.3ms)[0m  [1m[35mBEGIN[0m
  ↳ db/seeds.rb:16
  [1m[36mUser Exists (0.5ms)[0m  [1m[34mSELECT  1 AS one FROM "users" WHERE "users"."username" = $1 LIMIT $2[0m  [["username", "daydream_belieber"], ["LIMIT", 1]]
  ↳ db/seeds.rb:16
  [1m[35m (0.9ms)[0m  [1m[31mROLLBACK[0m
  ↳ db/seeds.rb:16
  [1m[35m (0.7ms)[0m  [1m[34mSELECT "schema_migrations"."version" FROM "schema_migrations" ORDER BY "schema_migrations"."version" ASC[0m
  ↳ bin/rails:9
  [1m[35m (1.2ms)[0m  [1m[35mBEGIN[0m
  ↳ db/seeds.rb:10
  [1m[36mUser Exists (0.9ms)[0m  [1m[34mSELECT  1 AS one FROM "users" WHERE "users"."username" = $1 LIMIT $2[0m  [["username", "pro_gamer_93"], ["LIMIT", 1]]
  ↳ db/seeds.rb:10
  [1m[35m (0.4ms)[0m  [1m[31mROLLBACK[0m
  ↳ db/seeds.rb:10
  [1m[35m (0.5ms)[0m  [1m[35mBEGIN[0m
  ↳ db/seeds.rb:12
  [1m[36mUser Exists (0.7ms)[0m  [1m[34mSELECT  1 AS one FROM "users" WHERE "users"."username" = $1 LIMIT $2[0m  [["username", "lexicon"], ["LIMIT", 1]]
  ↳ db/seeds.rb:12
  [1m[35m (0.3ms)[0m  [1m[31mROLLBACK[0m
  ↳ db/seeds.rb:12
  [1m[35m (0.4ms)[0m  [1m[35mBEGIN[0m
  ↳ db/seeds.rb:14
  [1m[36mUser Exists (0.5ms)[0m  [1m[34mSELECT  1 AS one FROM "users" WHERE "users"."username" = $1 LIMIT $2[0m  [["username", "lana_del_rey_fan_2003"], ["LIMIT", 1]]
  ↳ db/seeds.rb:14
  [1m[35m (0.3ms)[0m  [1m[31mROLLBACK[0m
  ↳ db/seeds.rb:14
  [1m[35m (0.3ms)[0m  [1m[35mBEGIN[0m
  ↳ db/seeds.rb:16
  [1m[36mUser Exists (0.6ms)[0m  [1m[34mSELECT  1 AS one FROM "users" WHERE "users"."username" = $1 LIMIT $2[0m  [["username", "daydream_belieber"], ["LIMIT", 1]]
  ↳ db/seeds.rb:16
  [1m[35m (0.4ms)[0m  [1m[31mROLLBACK[0m
  ↳ db/seeds.rb:16
  [1m[35m (0.3ms)[0m  [1m[35mBEGIN[0m
  ↳ db/seeds.rb:23
  [1m[36mArtwork Exists (1.7ms)[0m  [1m[34mSELECT  1 AS one FROM "artworks" WHERE "artworks"."artist_id" IS NULL LIMIT $1[0m  [["LIMIT", 1]]
  ↳ db/seeds.rb:23
  [1m[36mArtwork Exists (0.7ms)[0m  [1m[34mSELECT  1 AS one FROM "artworks" WHERE "artworks"."title" = $1 LIMIT $2[0m  [["title", "Dancing in the Rain"], ["LIMIT", 1]]
  ↳ db/seeds.rb:23
  [1m[35m (0.5ms)[0m  [1m[31mROLLBACK[0m
  ↳ db/seeds.rb:23
  [1m[35m (0.4ms)[0m  [1m[35mBEGIN[0m
  ↳ db/seeds.rb:24
  [1m[36mArtwork Exists (0.5ms)[0m  [1m[34mSELECT  1 AS one FROM "artworks" WHERE "artworks"."artist_id" IS NULL LIMIT $1[0m  [["LIMIT", 1]]
  ↳ db/seeds.rb:24
  [1m[36mArtwork Exists (0.5ms)[0m  [1m[34mSELECT  1 AS one FROM "artworks" WHERE "artworks"."title" = $1 LIMIT $2[0m  [["title", "Lava Lamp in Still Life"], ["LIMIT", 1]]
  ↳ db/seeds.rb:24
  [1m[35m (0.4ms)[0m  [1m[31mROLLBACK[0m
  ↳ db/seeds.rb:24
  [1m[35m (0.3ms)[0m  [1m[35mBEGIN[0m
  ↳ db/seeds.rb:25
  [1m[36mArtwork Exists (0.4ms)[0m  [1m[34mSELECT  1 AS one FROM "artworks" WHERE "artworks"."artist_id" IS NULL LIMIT $1[0m  [["LIMIT", 1]]
  ↳ db/seeds.rb:25
  [1m[36mArtwork Exists (0.4ms)[0m  [1m[34mSELECT  1 AS one FROM "artworks" WHERE "artworks"."title" = $1 LIMIT $2[0m  [["title", "Sunset in Paris, 2015"], ["LIMIT", 1]]
  ↳ db/seeds.rb:25
  [1m[35m (2.0ms)[0m  [1m[31mROLLBACK[0m
  ↳ db/seeds.rb:25
  [1m[35m (1.1ms)[0m  [1m[34mSELECT "schema_migrations"."version" FROM "schema_migrations" ORDER BY "schema_migrations"."version" ASC[0m
  ↳ bin/rails:9
  [1m[35m (1.1ms)[0m  [1m[35mBEGIN[0m
  ↳ db/seeds.rb:10
  [1m[36mUser Exists (0.7ms)[0m  [1m[34mSELECT  1 AS one FROM "users" WHERE "users"."username" = $1 LIMIT $2[0m  [["username", "pro_gamer_93"], ["LIMIT", 1]]
  ↳ db/seeds.rb:10
  [1m[35m (0.3ms)[0m  [1m[31mROLLBACK[0m
  ↳ db/seeds.rb:10
  [1m[35m (0.2ms)[0m  [1m[35mBEGIN[0m
  ↳ db/seeds.rb:12
  [1m[36mUser Exists (0.6ms)[0m  [1m[34mSELECT  1 AS one FROM "users" WHERE "users"."username" = $1 LIMIT $2[0m  [["username", "lexicon"], ["LIMIT", 1]]
  ↳ db/seeds.rb:12
  [1m[35m (0.6ms)[0m  [1m[31mROLLBACK[0m
  ↳ db/seeds.rb:12
  [1m[35m (0.4ms)[0m  [1m[35mBEGIN[0m
  ↳ db/seeds.rb:14
  [1m[36mUser Exists (0.4ms)[0m  [1m[34mSELECT  1 AS one FROM "users" WHERE "users"."username" = $1 LIMIT $2[0m  [["username", "lana_del_rey_fan_2003"], ["LIMIT", 1]]
  ↳ db/seeds.rb:14
  [1m[35m (0.3ms)[0m  [1m[31mROLLBACK[0m
  ↳ db/seeds.rb:14
  [1m[35m (0.4ms)[0m  [1m[35mBEGIN[0m
  ↳ db/seeds.rb:16
  [1m[36mUser Exists (0.6ms)[0m  [1m[34mSELECT  1 AS one FROM "users" WHERE "users"."username" = $1 LIMIT $2[0m  [["username", "daydream_belieber"], ["LIMIT", 1]]
  ↳ db/seeds.rb:16
  [1m[35m (1.2ms)[0m  [1m[31mROLLBACK[0m
  ↳ db/seeds.rb:16
  [1m[35m (0.3ms)[0m  [1m[35mBEGIN[0m
  ↳ db/seeds.rb:23
  [1m[36mArtwork Exists (1.2ms)[0m  [1m[34mSELECT  1 AS one FROM "artworks" WHERE "artworks"."artist_id" IS NULL LIMIT $1[0m  [["LIMIT", 1]]
  ↳ db/seeds.rb:23
  [1m[36mArtwork Exists (0.6ms)[0m  [1m[34mSELECT  1 AS one FROM "artworks" WHERE "artworks"."title" = $1 LIMIT $2[0m  [["title", "Dancing in the Rain"], ["LIMIT", 1]]
  ↳ db/seeds.rb:23
  [1m[35m (0.6ms)[0m  [1m[31mROLLBACK[0m
  ↳ db/seeds.rb:23
  [1m[35m (0.3ms)[0m  [1m[35mBEGIN[0m
  ↳ db/seeds.rb:24
  [1m[36mArtwork Exists (2.0ms)[0m  [1m[34mSELECT  1 AS one FROM "artworks" WHERE "artworks"."artist_id" IS NULL LIMIT $1[0m  [["LIMIT", 1]]
  ↳ db/seeds.rb:24
  [1m[36mArtwork Exists (2.3ms)[0m  [1m[34mSELECT  1 AS one FROM "artworks" WHERE "artworks"."title" = $1 LIMIT $2[0m  [["title", "Lava Lamp in Still Life"], ["LIMIT", 1]]
  ↳ db/seeds.rb:24
  [1m[35m (0.9ms)[0m  [1m[31mROLLBACK[0m
  ↳ db/seeds.rb:24
  [1m[35m (0.5ms)[0m  [1m[35mBEGIN[0m
  ↳ db/seeds.rb:25
  [1m[36mArtwork Exists (0.5ms)[0m  [1m[34mSELECT  1 AS one FROM "artworks" WHERE "artworks"."artist_id" IS NULL LIMIT $1[0m  [["LIMIT", 1]]
  ↳ db/seeds.rb:25
  [1m[36mArtwork Exists (0.4ms)[0m  [1m[34mSELECT  1 AS one FROM "artworks" WHERE "artworks"."title" = $1 LIMIT $2[0m  [["title", "Sunset in Paris, 2015"], ["LIMIT", 1]]
  ↳ db/seeds.rb:25
  [1m[35m (0.2ms)[0m  [1m[31mROLLBACK[0m
  ↳ db/seeds.rb:25
  [1m[35m (0.3ms)[0m  [1m[35mBEGIN[0m
  ↳ db/seeds.rb:27
  [1m[36mArtworkShare Exists (1.2ms)[0m  [1m[34mSELECT  1 AS one FROM "artwork_shares" WHERE "artwork_shares"."artwork_id" IS NULL LIMIT $1[0m  [["LIMIT", 1]]
  ↳ db/seeds.rb:27
  [1m[36mArtworkShare Exists (0.3ms)[0m  [1m[34mSELECT  1 AS one FROM "artwork_shares" WHERE "artwork_shares"."viewer_id" IS NULL LIMIT $1[0m  [["LIMIT", 1]]
  ↳ db/seeds.rb:27
  [1m[35m (0.3ms)[0m  [1m[31mROLLBACK[0m
  ↳ db/seeds.rb:27
  [1m[35m (0.2ms)[0m  [1m[35mBEGIN[0m
  ↳ db/seeds.rb:28
  [1m[36mArtworkShare Exists (0.3ms)[0m  [1m[34mSELECT  1 AS one FROM "artwork_shares" WHERE "artwork_shares"."artwork_id" IS NULL LIMIT $1[0m  [["LIMIT", 1]]
  ↳ db/seeds.rb:28
  [1m[36mArtworkShare Exists (0.3ms)[0m  [1m[34mSELECT  1 AS one FROM "artwork_shares" WHERE "artwork_shares"."viewer_id" IS NULL LIMIT $1[0m  [["LIMIT", 1]]
  ↳ db/seeds.rb:28
  [1m[35m (0.3ms)[0m  [1m[31mROLLBACK[0m
  ↳ db/seeds.rb:28
  [1m[35m (0.2ms)[0m  [1m[35mBEGIN[0m
  ↳ db/seeds.rb:29
  [1m[36mArtworkShare Exists (0.4ms)[0m  [1m[34mSELECT  1 AS one FROM "artwork_shares" WHERE "artwork_shares"."artwork_id" IS NULL LIMIT $1[0m  [["LIMIT", 1]]
  ↳ db/seeds.rb:29
  [1m[36mArtworkShare Exists (0.4ms)[0m  [1m[34mSELECT  1 AS one FROM "artwork_shares" WHERE "artwork_shares"."viewer_id" IS NULL LIMIT $1[0m  [["LIMIT", 1]]
  ↳ db/seeds.rb:29
  [1m[35m (0.6ms)[0m  [1m[31mROLLBACK[0m
  ↳ db/seeds.rb:29
  [1m[35m (0.4ms)[0m  [1m[35mBEGIN[0m
  ↳ db/seeds.rb:30
  [1m[36mArtworkShare Exists (0.4ms)[0m  [1m[34mSELECT  1 AS one FROM "artwork_shares" WHERE "artwork_shares"."artwork_id" IS NULL LIMIT $1[0m  [["LIMIT", 1]]
  ↳ db/seeds.rb:30
  [1m[36mArtworkShare Exists (0.4ms)[0m  [1m[34mSELECT  1 AS one FROM "artwork_shares" WHERE "artwork_shares"."viewer_id" IS NULL LIMIT $1[0m  [["LIMIT", 1]]
  ↳ db/seeds.rb:30
  [1m[35m (0.5ms)[0m  [1m[31mROLLBACK[0m
  ↳ db/seeds.rb:30
  [1m[35m (1.1ms)[0m  [1m[35mBEGIN[0m
  ↳ db/seeds.rb:31
  [1m[36mArtworkShare Exists (0.8ms)[0m  [1m[34mSELECT  1 AS one FROM "artwork_shares" WHERE "artwork_shares"."artwork_id" IS NULL LIMIT $1[0m  [["LIMIT", 1]]
  ↳ db/seeds.rb:31
  [1m[36mArtworkShare Exists (0.7ms)[0m  [1m[34mSELECT  1 AS one FROM "artwork_shares" WHERE "artwork_shares"."viewer_id" IS NULL LIMIT $1[0m  [["LIMIT", 1]]
  ↳ db/seeds.rb:31
  [1m[35m (0.2ms)[0m  [1m[31mROLLBACK[0m
  ↳ db/seeds.rb:31
  [1m[35m (0.2ms)[0m  [1m[35mBEGIN[0m
  ↳ db/seeds.rb:32
  [1m[36mArtworkShare Exists (0.4ms)[0m  [1m[34mSELECT  1 AS one FROM "artwork_shares" WHERE "artwork_shares"."artwork_id" IS NULL LIMIT $1[0m  [["LIMIT", 1]]
  ↳ db/seeds.rb:32
  [1m[36mArtworkShare Exists (0.5ms)[0m  [1m[34mSELECT  1 AS one FROM "artwork_shares" WHERE "artwork_shares"."viewer_id" IS NULL LIMIT $1[0m  [["LIMIT", 1]]
  ↳ db/seeds.rb:32
  [1m[35m (1.8ms)[0m  [1m[31mROLLBACK[0m
  ↳ db/seeds.rb:32
  [1m[36mUser Load (0.4ms)[0m  [1m[34mSELECT  "users".* FROM "users" LIMIT $1[0m  [["LIMIT", 11]]
